[2026-05-25 13:16:23 +0000] [1154] [INFO] Starting gunicorn 26.0.0
[2026-05-25 13:16:24 +0000] [1154] [INFO] Listening at: http://0.0.0.0:5000 (1154)
[2026-05-25 13:16:24 +0000] [1154] [INFO] Using worker: sync
[2026-05-25 13:16:24 +0000] [1155] [INFO] Booting worker with pid: 1155
[2026-05-25 13:16:24 +0000] [1154] [INFO] Control socket listening at /run/user/1000/gunicorn.ctl
[2026-05-25 13:17:26,034] ERROR in app: Exception on /dashboard [GET]
Traceback (most recent call last):
  File "/home/ubuntu/blood-donor-alert-system/venv/lib/python3.12/site-packages/flask/app.py", line 1511, in wsgi_app
    response = self.full_dispatch_request()
               ^^^^^^^^^^^^^^^^^^^^^^^^^^^^
  File "/home/ubuntu/blood-donor-alert-system/venv/lib/python3.12/site-packages/flask/app.py", line 919, in full_dispatch_request
    rv = self.handle_user_exception(e)
         ^^^^^^^^^^^^^^^^^^^^^^^^^^^^^
  File "/home/ubuntu/blood-donor-alert-system/venv/lib/python3.12/site-packages/flask/app.py", line 917, in full_dispatch_request
    rv = self.dispatch_request()
         ^^^^^^^^^^^^^^^^^^^^^^^
  File "/home/ubuntu/blood-donor-alert-system/venv/lib/python3.12/site-packages/flask/app.py", line 902, in dispatch_request
    return self.ensure_sync(self.view_functions[rule.endpoint])(**view_args)  # type: ignore[no-any-return]
           ^^^^^^^^^^^^^^^^^^^^^^^^^^^^^^^^^^^^^^^^^^^^^^^^^^^^^^^^^^^^^^^^^
  File "/home/ubuntu/blood-donor-alert-system/app.py", line 88, in dashboard
    connection = get_db_connection()
                 ^^^^^^^^^^^^^^^^^^^
  File "/home/ubuntu/blood-donor-alert-system/app.py", line 15, in get_db_connection
    return pymysql.connect(
           ^^^^^^^^^^^^^^^^
  File "/home/ubuntu/blood-donor-alert-system/venv/lib/python3.12/site-packages/pymysql/connections.py", line 372, in __init__
    self.connect()
  File "/home/ubuntu/blood-donor-alert-system/venv/lib/python3.12/site-packages/pymysql/connections.py", line 702, in connect
    self._request_authentication()
  File "/home/ubuntu/blood-donor-alert-system/venv/lib/python3.12/site-packages/pymysql/connections.py", line 1014, in _request_authentication
    auth_packet = self._process_auth(plugin_name, auth_packet)
                  ^^^^^^^^^^^^^^^^^^^^^^^^^^^^^^^^^^^^^^^^^^^^
  File "/home/ubuntu/blood-donor-alert-system/venv/lib/python3.12/site-packages/pymysql/connections.py", line 1105, in _process_auth
    pkt = self._read_packet()
          ^^^^^^^^^^^^^^^^^^^
  File "/home/ubuntu/blood-donor-alert-system/venv/lib/python3.12/site-packages/pymysql/connections.py", line 803, in _read_packet
    packet.raise_for_error()
  File "/home/ubuntu/blood-donor-alert-system/venv/lib/python3.12/site-packages/pymysql/protocol.py", line 219, in raise_for_error
    err.raise_mysql_exception(self._data)
  File "/home/ubuntu/blood-donor-alert-system/venv/lib/python3.12/site-packages/pymysql/err.py", line 154, in raise_mysql_exception
    raise errorclass(errno, errval, sqlstate=sqlstate)
pymysql.err.OperationalError: (1045, "Access denied for user 'bloodadmin'@'localhost' (using password: YES)")
[2026-05-25 13:17:56 +0000] [1154] [CRITICAL] WORKER TIMEOUT (pid:1155)
[2026-05-25 13:17:56 +0000] [1155] [ERROR] Error handling request (no URI read)
Traceback (most recent call last):
  File "/home/ubuntu/blood-donor-alert-system/venv/lib/python3.12/site-packages/gunicorn/workers/sync.py", line 140, in handle
    req = next(parser)
          ^^^^^^^^^^^^
  File "/home/ubuntu/blood-donor-alert-system/venv/lib/python3.12/site-packages/gunicorn/http/parser.py", line 111, in __next__
    self.mesg = self.mesg_class(self.cfg, self.unreader, self.source_addr, self.req_count)
                ^^^^^^^^^^^^^^^^^^^^^^^^^^^^^^^^^^^^^^^^^^^^^^^^^^^^^^^^^^^^^^^^^^^^^^^^^^
  File "/home/ubuntu/blood-donor-alert-system/venv/lib/python3.12/site-packages/gunicorn/http/message.py", line 459, in __init__
    super().__init__(cfg, unreader, peer_addr)
  File "/home/ubuntu/blood-donor-alert-system/venv/lib/python3.12/site-packages/gunicorn/http/message.py", line 199, in __init__
    unused = self.parse(self.unreader)
             ^^^^^^^^^^^^^^^^^^^^^^^^^
  File "/home/ubuntu/blood-donor-alert-system/venv/lib/python3.12/site-packages/gunicorn/http/message.py", line 471, in parse
    self.read_into(unreader, buf, stop=True)
  File "/home/ubuntu/blood-donor-alert-system/venv/lib/python3.12/site-packages/gunicorn/http/message.py", line 605, in read_into
    data = unreader.read()
           ^^^^^^^^^^^^^^^
  File "/home/ubuntu/blood-donor-alert-system/venv/lib/python3.12/site-packages/gunicorn/http/unreader.py", line 36, in read
    d = self.chunk()
        ^^^^^^^^^^^^
  File "/home/ubuntu/blood-donor-alert-system/venv/lib/python3.12/site-packages/gunicorn/http/unreader.py", line 65, in chunk
    return self.sock.recv(self.mxchunk)
           ^^^^^^^^^^^^^^^^^^^^^^^^^^^^
  File "/home/ubuntu/blood-donor-alert-system/venv/lib/python3.12/site-packages/gunicorn/workers/base.py", line 198, in handle_abort
    sys.exit(1)
SystemExit: 1
[2026-05-25 13:17:57 +0000] [1154] [ERROR] Worker (pid:1155) was sent SIGKILL! Perhaps out of memory?
[2026-05-25 13:17:57 +0000] [1161] [INFO] Booting worker with pid: 1161
[2026-05-25 13:17:57 +0000] [1154] [INFO] Control socket listening at /run/user/1000/gunicorn.ctl
[2026-05-25 13:19:57 +0000] [1154] [INFO] Handling signal: term
[2026-05-25 13:19:57 +0000] [1161] [INFO] Worker exiting (pid: 1161)
[2026-05-25 13:19:57 +0000] [1154] [INFO] Worker (pid:1161) was sent SIGTERM!
[2026-05-25 13:19:57 +0000] [1154] [INFO] Shutting down: Master
